#
# There is insufficient memory for the Java Runtime Environment to continue.
# Native memory allocation (malloc) failed to allocate 65552 bytes for Chunk::new
# Possible reasons:
#   The system is out of physical RAM or swap space
#   The process is running with CompressedOops enabled, and the Java Heap may be blocking the growth of the native heap
# Possible solutions:
#   Reduce memory load on the system
#   Increase physical memory or swap space
#   Check if swap backing store is full
#   Decrease Java heap size (-Xmx/-Xms)
#   Decrease number of Java threads
#   Decrease Java thread stack sizes (-Xss)
#   Set larger code cache with -XX:ReservedCodeCacheSize=
#   JVM is running with Zero Based Compressed Oops mode in which the Java heap is
#     placed in the first 32GB address space. The Java Heap base address is the
#     maximum limit for the native heap growth. Please use -XX:HeapBaseMinAddress
#     to set the Java Heap base and to place the Java Heap above 32GB virtual address.
# This output file may be truncated or incomplete.
#
#  Out of Memory Error (./open/src/hotspot/share/memory/arena.cpp:195), pid=42868, tid=41028
#
# JRE version: OpenJDK Runtime Environment (15.0.2+7) (build 15.0.2+7-27)
# Java VM: OpenJDK 64-Bit Server VM (15.0.2+7-27, mixed mode, tiered, compressed oops, g1 gc, windows-amd64)
# No core dump will be written. Minidumps are not enabled by default on client versions of Windows
#

---------------  S U M M A R Y ------------

Command Line: -Dfile.encoding=Cp1252 -XX:+ShowCodeDetailsInExceptionMessages bp.aplicaciones.mantenimientos.DAO.dao_equipo

Host: Intel(R) Core(TM) i5-8300H CPU @ 2.30GHz, 8 cores, 15G,  Windows 10 , 64 bit Build 22000 (10.0.22000.434)
Time: Thu Mar 31 13:25:24 2022 Hora est. Pacífico, Sudamérica elapsed time: 0.468852 seconds (0d 0h 0m 0s)

---------------  T H R E A D  ---------------

Current thread (0x00000282deeaded0):  JavaThread "C2 CompilerThread0" daemon [_thread_in_native, id=41028, stack(0x000000c571100000,0x000000c571200000)]


Current CompileTask:
C2:    468  633       4       java.util.regex.Pattern$BmpCharProperty::match (55 bytes)

Stack: [0x000000c571100000,0x000000c571200000]
Native frames: (J=compiled Java code, j=interpreted, Vv=VM code, C=native code)
V  [jvm.dll+0x62ae9a]
V  [jvm.dll+0x7817a9]
V  [jvm.dll+0x782f03]
V  [jvm.dll+0x783563]
V  [jvm.dll+0x216325]
V  [jvm.dll+0x97f3a]
V  [jvm.dll+0x980ad]
V  [jvm.dll+0x60b328]
V  [jvm.dll+0x6c29c]
V  [jvm.dll+0x5bc8a8]
V  [jvm.dll+0x5ba6de]
V  [jvm.dll+0x1ea598]
V  [jvm.dll+0x1e996e]
V  [jvm.dll+0x178567]
V  [jvm.dll+0x1f9225]
V  [jvm.dll+0x1f72cc]
V  [jvm.dll+0x74495d]
V  [jvm.dll+0x73d75a]
V  [jvm.dll+0x629c56]
C  [ucrtbase.dll+0x26c0c]
C  [KERNEL32.DLL+0x154e0]
C  [ntdll.dll+0x485b]


---------------  P R O C E S S  ---------------

Threads class SMR info:
_java_thread_list=0x00000282df04c170, length=12, elements={
0x00000282bf6b5fa0, 0x00000282dee601e0, 0x00000282dee60cb0, 0x00000282deea4970,
0x00000282deea7240, 0x00000282deea9b10, 0x00000282deeaded0, 0x00000282deeba810,
0x00000282deecc0e0, 0x00000282df030150, 0x00000282df03cd30, 0x00000282deebad20
}

Java Threads: ( => current thread )
  0x00000282bf6b5fa0 JavaThread "main" [_thread_in_vm, id=23352, stack(0x000000c570500000,0x000000c570600000)]
  0x00000282dee601e0 JavaThread "Reference Handler" daemon [_thread_blocked, id=44760, stack(0x000000c570c00000,0x000000c570d00000)]
  0x00000282dee60cb0 JavaThread "Finalizer" daemon [_thread_blocked, id=14456, stack(0x000000c570d00000,0x000000c570e00000)]
  0x00000282deea4970 JavaThread "Signal Dispatcher" daemon [_thread_blocked, id=11208, stack(0x000000c570e00000,0x000000c570f00000)]
  0x00000282deea7240 JavaThread "Attach Listener" daemon [_thread_blocked, id=37036, stack(0x000000c570f00000,0x000000c571000000)]
  0x00000282deea9b10 JavaThread "Service Thread" daemon [_thread_blocked, id=43316, stack(0x000000c571000000,0x000000c571100000)]
=>0x00000282deeaded0 JavaThread "C2 CompilerThread0" daemon [_thread_in_native, id=41028, stack(0x000000c571100000,0x000000c571200000)]
  0x00000282deeba810 JavaThread "C1 CompilerThread0" daemon [_thread_in_native, id=9036, stack(0x000000c571200000,0x000000c571300000)]
  0x00000282deecc0e0 JavaThread "Sweeper thread" daemon [_thread_blocked, id=41816, stack(0x000000c571300000,0x000000c571400000)]
  0x00000282df030150 JavaThread "Notification Thread" daemon [_thread_blocked, id=43732, stack(0x000000c571400000,0x000000c571500000)]
  0x00000282df03cd30 JavaThread "Common-Cleaner" daemon [_thread_blocked, id=43164, stack(0x000000c571600000,0x000000c571700000)]
  0x00000282deebad20 JavaThread "C2 CompilerThread1" daemon [_thread_in_native, id=35848, stack(0x000000c571700000,0x000000c571800000)]

Other Threads:
  0x00000282dee4c6e0 VMThread "VM Thread" [stack: 0x000000c570b00000,0x000000c570c00000] [id=44408]
  0x00000282df034630 WatcherThread [stack: 0x000000c571500000,0x000000c571600000] [id=45180]
  0x00000282bf704c30 GCTaskThread "GC Thread#0" [stack: 0x000000c570600000,0x000000c570700000] [id=26976]
  0x00000282df068060 GCTaskThread "GC Thread#1" [stack: 0x000000c571800000,0x000000c571900000] [id=38136]
  0x00000282df0676d0 GCTaskThread "GC Thread#2" [stack: 0x000000c571900000,0x000000c571a00000] [id=37664]
  0x00000282df068390 GCTaskThread "GC Thread#3" [stack: 0x000000c571a00000,0x000000c571b00000] [id=46900]
  0x00000282df067a00 GCTaskThread "GC Thread#4" [stack: 0x000000c571b00000,0x000000c571c00000] [id=42468]
  0x00000282df067d30 GCTaskThread "GC Thread#5" [stack: 0x000000c571c00000,0x000000c571d00000] [id=18804]
  0x00000282bf754010 ConcurrentGCThread "G1 Main Marker" [stack: 0x000000c570700000,0x000000c570800000] [id=44948]
  0x00000282bf754c00 ConcurrentGCThread "G1 Conc#0" [stack: 0x000000c570800000,0x000000c570900000] [id=31464]
  0x00000282de46b5f0 ConcurrentGCThread "G1 Refine#0" [stack: 0x000000c570900000,0x000000c570a00000] [id=38468]
  0x00000282de46c100 ConcurrentGCThread "G1 Young RemSet Sampling" [stack: 0x000000c570a00000,0x000000c570b00000] [id=41904]

Threads with active compile tasks:
C2 CompilerThread0      490  633       4       java.util.regex.Pattern$BmpCharProperty::match (55 bytes)
C1 CompilerThread0      490  671       3       java.net.URLStreamHandler::parseURL (1201 bytes)
C2 CompilerThread1      490  651   !   4       java.util.zip.ZipFile$Source::getEntryPos (174 bytes)

VM state: not at safepoint (normal execution)

VM Mutex/Monitor currently owned by a thread: None

Heap address: 0x0000000701a00000, size: 4070 MB, Compressed Oops mode: Zero based, Oop shift amount: 3
CDS disabled.
Compressed class space mapped at: 0x0000000800000000-0x0000000840000000, size: 1073741824
Narrow klass base: 0x0000000800000000, Narrow klass shift: 0, Narrow klass range: 0x40000000

GC Precious Log:
 CPUs: 8 total, 8 available
 Memory: 16273M
 Large Page Support: Disabled
 NUMA Support: Disabled
 Compressed Oops: Enabled (Zero based)
 Heap Region Size: 2M
 Heap Min Capacity: 8M
 Heap Initial Capacity: 256M
 Heap Max Capacity: 4070M
 Pre-touch: Disabled
 Parallel Workers: 8
 Concurrent Workers: 2
 Concurrent Refinement Workers: 8
 Periodic GC: Disabled

Heap:
 garbage-first heap   total 262144K, used 25582K [0x0000000701a00000, 0x0000000800000000)
  region size 2048K, 14 young (28672K), 2 survivors (4096K)
 Metaspace       used 10632K, capacity 10814K, committed 11136K, reserved 1058816K
  class space    used 1006K, capacity 1067K, committed 1152K, reserved 1048576K

Heap Regions: E=young(eden), S=young(survivor), O=old, HS=humongous(starts), HC=humongous(continues), CS=collection set, F=free, OA=open archive, CA=closed archive, TAMS=top-at-mark-start (previous, next)
|   0|0x0000000701a00000, 0x0000000701c00000, 0x0000000701c00000|100%|HS|  |TAMS 0x0000000701a00000, 0x0000000701a00000| Complete 
|   1|0x0000000701c00000, 0x0000000701c00000, 0x0000000701e00000|  0%| F|  |TAMS 0x0000000701c00000, 0x0000000701c00000| Untracked 
|   2|0x0000000701e00000, 0x0000000701e00000, 0x0000000702000000|  0%| F|  |TAMS 0x0000000701e00000, 0x0000000701e00000| Untracked 
|   3|0x0000000702000000, 0x0000000702000000, 0x0000000702200000|  0%| F|  |TAMS 0x0000000702000000, 0x0000000702000000| Untracked 
|   4|0x0000000702200000, 0x0000000702200000, 0x0000000702400000|  0%| F|  |TAMS 0x0000000702200000, 0x0000000702200000| Untracked 
|   5|0x0000000702400000, 0x0000000702400000, 0x0000000702600000|  0%| F|  |TAMS 0x0000000702400000, 0x0000000702400000| Untracked 
|   6|0x0000000702600000, 0x0000000702600000, 0x0000000702800000|  0%| F|  |TAMS 0x0000000702600000, 0x0000000702600000| Untracked 
|   7|0x0000000702800000, 0x0000000702800000, 0x0000000702a00000|  0%| F|  |TAMS 0x0000000702800000, 0x0000000702800000| Untracked 
|   8|0x0000000702a00000, 0x0000000702a00000, 0x0000000702c00000|  0%| F|  |TAMS 0x0000000702a00000, 0x0000000702a00000| Untracked 
|   9|0x0000000702c00000, 0x0000000702c00000, 0x0000000702e00000|  0%| F|  |TAMS 0x0000000702c00000, 0x0000000702c00000| Untracked 
|  10|0x0000000702e00000, 0x0000000702e00000, 0x0000000703000000|  0%| F|  |TAMS 0x0000000702e00000, 0x0000000702e00000| Untracked 
|  11|0x0000000703000000, 0x0000000703000000, 0x0000000703200000|  0%| F|  |TAMS 0x0000000703000000, 0x0000000703000000| Untracked 
|  12|0x0000000703200000, 0x0000000703200000, 0x0000000703400000|  0%| F|  |TAMS 0x0000000703200000, 0x0000000703200000| Untracked 
|  13|0x0000000703400000, 0x0000000703400000, 0x0000000703600000|  0%| F|  |TAMS 0x0000000703400000, 0x0000000703400000| Untracked 
|  14|0x0000000703600000, 0x0000000703600000, 0x0000000703800000|  0%| F|  |TAMS 0x0000000703600000, 0x0000000703600000| Untracked 
|  15|0x0000000703800000, 0x0000000703800000, 0x0000000703a00000|  0%| F|  |TAMS 0x0000000703800000, 0x0000000703800000| Untracked 
|  16|0x0000000703a00000, 0x0000000703a00000, 0x0000000703c00000|  0%| F|  |TAMS 0x0000000703a00000, 0x0000000703a00000| Untracked 
|  17|0x0000000703c00000, 0x0000000703c00000, 0x0000000703e00000|  0%| F|  |TAMS 0x0000000703c00000, 0x0000000703c00000| Untracked 
|  18|0x0000000703e00000, 0x0000000703e00000, 0x0000000704000000|  0%| F|  |TAMS 0x0000000703e00000, 0x0000000703e00000| Untracked 
|  19|0x0000000704000000, 0x0000000704000000, 0x0000000704200000|  0%| F|  |TAMS 0x0000000704000000, 0x0000000704000000| Untracked 
|  20|0x0000000704200000, 0x0000000704200000, 0x0000000704400000|  0%| F|  |TAMS 0x0000000704200000, 0x0000000704200000| Untracked 
|  21|0x0000000704400000, 0x0000000704400000, 0x0000000704600000|  0%| F|  |TAMS 0x0000000704400000, 0x0000000704400000| Untracked 
|  22|0x0000000704600000, 0x0000000704600000, 0x0000000704800000|  0%| F|  |TAMS 0x0000000704600000, 0x0000000704600000| Untracked 
|  23|0x0000000704800000, 0x0000000704800000, 0x0000000704a00000|  0%| F|  |TAMS 0x0000000704800000, 0x0000000704800000| Untracked 
|  24|0x0000000704a00000, 0x0000000704a00000, 0x0000000704c00000|  0%| F|  |TAMS 0x0000000704a00000, 0x0000000704a00000| Untracked 
|  25|0x0000000704c00000, 0x0000000704c00000, 0x0000000704e00000|  0%| F|  |TAMS 0x0000000704c00000, 0x0000000704c00000| Untracked 
|  26|0x0000000704e00000, 0x0000000704e00000, 0x0000000705000000|  0%| F|  |TAMS 0x0000000704e00000, 0x0000000704e00000| Untracked 
|  27|0x0000000705000000, 0x0000000705000000, 0x0000000705200000|  0%| F|  |TAMS 0x0000000705000000, 0x0000000705000000| Untracked 
|  28|0x0000000705200000, 0x0000000705200000, 0x0000000705400000|  0%| F|  |TAMS 0x0000000705200000, 0x0000000705200000| Untracked 
|  29|0x0000000705400000, 0x0000000705400000, 0x0000000705600000|  0%| F|  |TAMS 0x0000000705400000, 0x0000000705400000| Untracked 
|  30|0x0000000705600000, 0x0000000705600000, 0x0000000705800000|  0%| F|  |TAMS 0x0000000705600000, 0x0000000705600000| Untracked 
|  31|0x0000000705800000, 0x0000000705800000, 0x0000000705a00000|  0%| F|  |TAMS 0x0000000705800000, 0x0000000705800000| Untracked 
|  32|0x0000000705a00000, 0x0000000705a00000, 0x0000000705c00000|  0%| F|  |TAMS 0x0000000705a00000, 0x0000000705a00000| Untracked 
|  33|0x0000000705c00000, 0x0000000705c00000, 0x0000000705e00000|  0%| F|  |TAMS 0x0000000705c00000, 0x0000000705c00000| Untracked 
|  34|0x0000000705e00000, 0x0000000705e00000, 0x0000000706000000|  0%| F|  |TAMS 0x0000000705e00000, 0x0000000705e00000| Untracked 
|  35|0x0000000706000000, 0x0000000706000000, 0x0000000706200000|  0%| F|  |TAMS 0x0000000706000000, 0x0000000706000000| Untracked 
|  36|0x0000000706200000, 0x0000000706200000, 0x0000000706400000|  0%| F|  |TAMS 0x0000000706200000, 0x0000000706200000| Untracked 
|  37|0x0000000706400000, 0x0000000706400000, 0x0000000706600000|  0%| F|  |TAMS 0x0000000706400000, 0x0000000706400000| Untracked 
|  38|0x0000000706600000, 0x0000000706600000, 0x0000000706800000|  0%| F|  |TAMS 0x0000000706600000, 0x0000000706600000| Untracked 
|  39|0x0000000706800000, 0x0000000706800000, 0x0000000706a00000|  0%| F|  |TAMS 0x0000000706800000, 0x0000000706800000| Untracked 
|  40|0x0000000706a00000, 0x0000000706a00000, 0x0000000706c00000|  0%| F|  |TAMS 0x0000000706a00000, 0x0000000706a00000| Untracked 
|  41|0x0000000706c00000, 0x0000000706c00000, 0x0000000706e00000|  0%| F|  |TAMS 0x0000000706c00000, 0x0000000706c00000| Untracked 
|  42|0x0000000706e00000, 0x0000000706e00000, 0x0000000707000000|  0%| F|  |TAMS 0x0000000706e00000, 0x0000000706e00000| Untracked 
|  43|0x0000000707000000, 0x0000000707000000, 0x0000000707200000|  0%| F|  |TAMS 0x0000000707000000, 0x0000000707000000| Untracked 
|  44|0x0000000707200000, 0x0000000707200000, 0x0000000707400000|  0%| F|  |TAMS 0x0000000707200000, 0x0000000707200000| Untracked 
|  45|0x0000000707400000, 0x0000000707400000, 0x0000000707600000|  0%| F|  |TAMS 0x0000000707400000, 0x0000000707400000| Untracked 
|  46|0x0000000707600000, 0x0000000707600000, 0x0000000707800000|  0%| F|  |TAMS 0x0000000707600000, 0x0000000707600000| Untracked 
|  47|0x0000000707800000, 0x0000000707800000, 0x0000000707a00000|  0%| F|  |TAMS 0x0000000707800000, 0x0000000707800000| Untracked 
|  48|0x0000000707a00000, 0x0000000707a00000, 0x0000000707c00000|  0%| F|  |TAMS 0x0000000707a00000, 0x0000000707a00000| Untracked 
|  49|0x0000000707c00000, 0x0000000707c00000, 0x0000000707e00000|  0%| F|  |TAMS 0x0000000707c00000, 0x0000000707c00000| Untracked 
|  50|0x0000000707e00000, 0x0000000707e00000, 0x0000000708000000|  0%| F|  |TAMS 0x0000000707e00000, 0x0000000707e00000| Untracked 
|  51|0x0000000708000000, 0x0000000708000000, 0x0000000708200000|  0%| F|  |TAMS 0x0000000708000000, 0x0000000708000000| Untracked 
|  52|0x0000000708200000, 0x0000000708200000, 0x0000000708400000|  0%| F|  |TAMS 0x0000000708200000, 0x0000000708200000| Untracked 
|  53|0x0000000708400000, 0x0000000708400000, 0x0000000708600000|  0%| F|  |TAMS 0x0000000708400000, 0x0000000708400000| Untracked 
|  54|0x0000000708600000, 0x0000000708600000, 0x0000000708800000|  0%| F|  |TAMS 0x0000000708600000, 0x0000000708600000| Untracked 
|  55|0x0000000708800000, 0x0000000708800000, 0x0000000708a00000|  0%| F|  |TAMS 0x0000000708800000, 0x0000000708800000| Untracked 
|  56|0x0000000708a00000, 0x0000000708a00000, 0x0000000708c00000|  0%| F|  |TAMS 0x0000000708a00000, 0x0000000708a00000| Untracked 
|  57|0x0000000708c00000, 0x0000000708c00000, 0x0000000708e00000|  0%| F|  |TAMS 0x0000000708c00000, 0x0000000708c00000| Untracked 
|  58|0x0000000708e00000, 0x0000000708e00000, 0x0000000709000000|  0%| F|  |TAMS 0x0000000708e00000, 0x0000000708e00000| Untracked 
|  59|0x0000000709000000, 0x0000000709000000, 0x0000000709200000|  0%| F|  |TAMS 0x0000000709000000, 0x0000000709000000| Untracked 
|  60|0x0000000709200000, 0x0000000709200000, 0x0000000709400000|  0%| F|  |TAMS 0x0000000709200000, 0x0000000709200000| Untracked 
|  61|0x0000000709400000, 0x0000000709400000, 0x0000000709600000|  0%| F|  |TAMS 0x0000000709400000, 0x0000000709400000| Untracked 
|  62|0x0000000709600000, 0x0000000709600000, 0x0000000709800000|  0%| F|  |TAMS 0x0000000709600000, 0x0000000709600000| Untracked 
|  63|0x0000000709800000, 0x0000000709800000, 0x0000000709a00000|  0%| F|  |TAMS 0x0000000709800000, 0x0000000709800000| Untracked 
|  64|0x0000000709a00000, 0x0000000709a00000, 0x0000000709c00000|  0%| F|  |TAMS 0x0000000709a00000, 0x0000000709a00000| Untracked 
|  65|0x0000000709c00000, 0x0000000709c00000, 0x0000000709e00000|  0%| F|  |TAMS 0x0000000709c00000, 0x0000000709c00000| Untracked 
|  66|0x0000000709e00000, 0x0000000709e00000, 0x000000070a000000|  0%| F|  |TAMS 0x0000000709e00000, 0x0000000709e00000| Untracked 
|  67|0x000000070a000000, 0x000000070a000000, 0x000000070a200000|  0%| F|  |TAMS 0x000000070a000000, 0x000000070a000000| Untracked 
|  68|0x000000070a200000, 0x000000070a200000, 0x000000070a400000|  0%| F|  |TAMS 0x000000070a200000, 0x000000070a200000| Untracked 
|  69|0x000000070a400000, 0x000000070a400000, 0x000000070a600000|  0%| F|  |TAMS 0x000000070a400000, 0x000000070a400000| Untracked 
|  70|0x000000070a600000, 0x000000070a600000, 0x000000070a800000|  0%| F|  |TAMS 0x000000070a600000, 0x000000070a600000| Untracked 
|  71|0x000000070a800000, 0x000000070a800000, 0x000000070aa00000|  0%| F|  |TAMS 0x000000070a800000, 0x000000070a800000| Untracked 
|  72|0x000000070aa00000, 0x000000070aa00000, 0x000000070ac00000|  0%| F|  |TAMS 0x000000070aa00000, 0x000000070aa00000| Untracked 
|  73|0x000000070ac00000, 0x000000070ac00000, 0x000000070ae00000|  0%| F|  |TAMS 0x000000070ac00000, 0x000000070ac00000| Untracked 
|  74|0x000000070ae00000, 0x000000070ae00000, 0x000000070b000000|  0%| F|  |TAMS 0x000000070ae00000, 0x000000070ae00000| Untracked 
|  75|0x000000070b000000, 0x000000070b000000, 0x000000070b200000|  0%| F|  |TAMS 0x000000070b000000, 0x000000070b000000| Untracked 
|  76|0x000000070b200000, 0x000000070b200000, 0x000000070b400000|  0%| F|  |TAMS 0x000000070b200000, 0x000000070b200000| Untracked 
|  77|0x000000070b400000, 0x000000070b400000, 0x000000070b600000|  0%| F|  |TAMS 0x000000070b400000, 0x000000070b400000| Untracked 
|  78|0x000000070b600000, 0x000000070b600000, 0x000000070b800000|  0%| F|  |TAMS 0x000000070b600000, 0x000000070b600000| Untracked 
|  79|0x000000070b800000, 0x000000070b800000, 0x000000070ba00000|  0%| F|  |TAMS 0x000000070b800000, 0x000000070b800000| Untracked 
|  80|0x000000070ba00000, 0x000000070ba00000, 0x000000070bc00000|  0%| F|  |TAMS 0x000000070ba00000, 0x000000070ba00000| Untracked 
|  81|0x000000070bc00000, 0x000000070bc00000, 0x000000070be00000|  0%| F|  |TAMS 0x000000070bc00000, 0x000000070bc00000| Untracked 
|  82|0x000000070be00000, 0x000000070be00000, 0x000000070c000000|  0%| F|  |TAMS 0x000000070be00000, 0x000000070be00000| Untracked 
|  83|0x000000070c000000, 0x000000070c000000, 0x000000070c200000|  0%| F|  |TAMS 0x000000070c000000, 0x000000070c000000| Untracked 
|  84|0x000000070c200000, 0x000000070c200000, 0x000000070c400000|  0%| F|  |TAMS 0x000000070c200000, 0x000000070c200000| Untracked 
|  85|0x000000070c400000, 0x000000070c400000, 0x000000070c600000|  0%| F|  |TAMS 0x000000070c400000, 0x000000070c400000| Untracked 
|  86|0x000000070c600000, 0x000000070c600000, 0x000000070c800000|  0%| F|  |TAMS 0x000000070c600000, 0x000000070c600000| Untracked 
|  87|0x000000070c800000, 0x000000070c800000, 0x000000070ca00000|  0%| F|  |TAMS 0x000000070c800000, 0x000000070c800000| Untracked 
|  88|0x000000070ca00000, 0x000000070ca00000, 0x000000070cc00000|  0%| F|  |TAMS 0x000000070ca00000, 0x000000070ca00000| Untracked 
|  89|0x000000070cc00000, 0x000000070cc00000, 0x000000070ce00000|  0%| F|  |TAMS 0x000000070cc00000, 0x000000070cc00000| Untracked 
|  90|0x000000070ce00000, 0x000000070ce00000, 0x000000070d000000|  0%| F|  |TAMS 0x000000070ce00000, 0x000000070ce00000| Untracked 
|  91|0x000000070d000000, 0x000000070d000000, 0x000000070d200000|  0%| F|  |TAMS 0x000000070d000000, 0x000000070d000000| Untracked 
|  92|0x000000070d200000, 0x000000070d200000, 0x000000070d400000|  0%| F|  |TAMS 0x000000070d200000, 0x000000070d200000| Untracked 
|  93|0x000000070d400000, 0x000000070d400000, 0x000000070d600000|  0%| F|  |TAMS 0x000000070d400000, 0x000000070d400000| Untracked 
|  94|0x000000070d600000, 0x000000070d600000, 0x000000070d800000|  0%| F|  |TAMS 0x000000070d600000, 0x000000070d600000| Untracked 
|  95|0x000000070d800000, 0x000000070d800000, 0x000000070da00000|  0%| F|  |TAMS 0x000000070d800000, 0x000000070d800000| Untracked 
|  96|0x000000070da00000, 0x000000070da00000, 0x000000070dc00000|  0%| F|  |TAMS 0x000000070da00000, 0x000000070da00000| Untracked 
|  97|0x000000070dc00000, 0x000000070dc00000, 0x000000070de00000|  0%| F|  |TAMS 0x000000070dc00000, 0x000000070dc00000| Untracked 
|  98|0x000000070de00000, 0x000000070de00000, 0x000000070e000000|  0%| F|  |TAMS 0x000000070de00000, 0x000000070de00000| Untracked 
|  99|0x000000070e000000, 0x000000070e000000, 0x000000070e200000|  0%| F|  |TAMS 0x000000070e000000, 0x000000070e000000| Untracked 
| 100|0x000000070e200000, 0x000000070e200000, 0x000000070e400000|  0%| F|  |TAMS 0x000000070e200000, 0x000000070e200000| Untracked 
| 101|0x000000070e400000, 0x000000070e400000, 0x000000070e600000|  0%| F|  |TAMS 0x000000070e400000, 0x000000070e400000| Untracked 
| 102|0x000000070e600000, 0x000000070e600000, 0x000000070e800000|  0%| F|  |TAMS 0x000000070e600000, 0x000000070e600000| Untracked 
| 103|0x000000070e800000, 0x000000070e800000, 0x000000070ea00000|  0%| F|  |TAMS 0x000000070e800000, 0x000000070e800000| Untracked 
| 104|0x000000070ea00000, 0x000000070ea00000, 0x000000070ec00000|  0%| F|  |TAMS 0x000000070ea00000, 0x000000070ea00000| Untracked 
| 105|0x000000070ec00000, 0x000000070ec00000, 0x000000070ee00000|  0%| F|  |TAMS 0x000000070ec00000, 0x000000070ec00000| Untracked 
| 106|0x000000070ee00000, 0x000000070ee00000, 0x000000070f000000|  0%| F|  |TAMS 0x000000070ee00000, 0x000000070ee00000| Untracked 
| 107|0x000000070f000000, 0x000000070f000000, 0x000000070f200000|  0%| F|  |TAMS 0x000000070f000000, 0x000000070f000000| Untracked 
| 108|0x000000070f200000, 0x000000070f200000, 0x000000070f400000|  0%| F|  |TAMS 0x000000070f200000, 0x000000070f200000| Untracked 
| 109|0x000000070f400000, 0x000000070f400000, 0x000000070f600000|  0%| F|  |TAMS 0x000000070f400000, 0x000000070f400000| Untracked 
| 110|0x000000070f600000, 0x000000070f600000, 0x000000070f800000|  0%| F|  |TAMS 0x000000070f600000, 0x000000070f600000| Untracked 
| 111|0x000000070f800000, 0x000000070f800000, 0x000000070fa00000|  0%| F|  |TAMS 0x000000070f800000, 0x000000070f800000| Untracked 
| 112|0x000000070fa00000, 0x000000070fa00000, 0x000000070fc00000|  0%| F|  |TAMS 0x000000070fa00000, 0x000000070fa00000| Untracked 
| 113|0x000000070fc00000, 0x000000070fc00000, 0x000000070fe00000|  0%| F|  |TAMS 0x000000070fc00000, 0x000000070fc00000| Untracked 
| 114|0x000000070fe00000, 0x000000070ff2cb90, 0x0000000710000000| 58%| E|  |TAMS 0x000000070fe00000, 0x000000070fe00000| Complete 
| 115|0x0000000710000000, 0x00000007100fbaa8, 0x0000000710200000| 49%| S|CS|TAMS 0x0000000710000000, 0x0000000710000000| Complete 
| 116|0x0000000710200000, 0x0000000710400000, 0x0000000710400000|100%| S|CS|TAMS 0x0000000710200000, 0x0000000710200000| Complete 
| 117|0x0000000710400000, 0x0000000710600000, 0x0000000710600000|100%| E|CS|TAMS 0x0000000710400000, 0x0000000710400000| Complete 
| 118|0x0000000710600000, 0x0000000710800000, 0x0000000710800000|100%| E|CS|TAMS 0x0000000710600000, 0x0000000710600000| Complete 
| 119|0x0000000710800000, 0x0000000710a00000, 0x0000000710a00000|100%| E|CS|TAMS 0x0000000710800000, 0x0000000710800000| Complete 
| 120|0x0000000710a00000, 0x0000000710c00000, 0x0000000710c00000|100%| E|CS|TAMS 0x0000000710a00000, 0x0000000710a00000| Complete 
| 121|0x0000000710c00000, 0x0000000710e00000, 0x0000000710e00000|100%| E|CS|TAMS 0x0000000710c00000, 0x0000000710c00000| Complete 
| 122|0x0000000710e00000, 0x0000000711000000, 0x0000000711000000|100%| E|CS|TAMS 0x0000000710e00000, 0x0000000710e00000| Complete 
| 123|0x0000000711000000, 0x0000000711200000, 0x0000000711200000|100%| E|CS|TAMS 0x0000000711000000, 0x0000000711000000| Complete 
| 124|0x0000000711200000, 0x0000000711400000, 0x0000000711400000|100%| E|CS|TAMS 0x0000000711200000, 0x0000000711200000| Complete 
| 125|0x0000000711400000, 0x0000000711600000, 0x0000000711600000|100%| E|CS|TAMS 0x0000000711400000, 0x0000000711400000| Complete 
| 126|0x0000000711600000, 0x0000000711800000, 0x0000000711800000|100%| E|CS|TAMS 0x0000000711600000, 0x0000000711600000| Complete 
| 127|0x0000000711800000, 0x00000007119ffa70, 0x0000000711a00000| 99%| E|  |TAMS 0x0000000711800000, 0x0000000711800000| Complete 

Card table byte_map: [0x00000282d2bf0000,0x00000282d33f0000] _byte_map_base: 0x00000282cf3e3000

Marking Bits (Prev, Next): (CMBitMap*) 0x00000282bf705420, (CMBitMap*) 0x00000282bf705460
 Prev Bits: [0x00000282d3bf0000, 0x00000282d7b88000)
 Next Bits: [0x00000282d7b90000, 0x00000282dbb28000)

Polling page: 0x00000282bd680000

Metaspace:

Usage:
  Non-class:      9.58 MB capacity,     9.43 MB ( 98%) used,   146.54 KB (  1%) free+waste,     9.06 KB ( <1%) overhead. 
      Class:      1.04 MB capacity,  1009.91 KB ( 95%) used,    53.72 KB (  5%) free+waste,     3.38 KB ( <1%) overhead. 
       Both:     10.62 MB capacity,    10.42 MB ( 98%) used,   200.26 KB (  2%) free+waste,    12.44 KB ( <1%) overhead. 

Virtual space:
  Non-class space:       10.00 MB reserved,       9.75 MB ( 98%) committed 
      Class space:        1.00 GB reserved,       1.12 MB ( <1%) committed 
             Both:        1.01 GB reserved,      10.88 MB (  1%) committed 

Chunk freelists:
   Non-Class:  45.00 KB
       Class:  21.00 KB
        Both:  66.00 KB

MaxMetaspaceSize: 17179869184.00 GB
CompressedClassSpaceSize: 1.00 GB

CodeHeap 'non-profiled nmethods': size=120000Kb used=254Kb max_used=254Kb free=119745Kb
 bounds [0x00000282cab90000, 0x00000282cae00000, 0x00000282d20c0000]
CodeHeap 'profiled nmethods': size=120000Kb used=1078Kb max_used=1078Kb free=118921Kb
 bounds [0x00000282c3660000, 0x00000282c38d0000, 0x00000282cab90000]
CodeHeap 'non-nmethods': size=5760Kb used=1137Kb max_used=1164Kb free=4622Kb
 bounds [0x00000282c30c0000, 0x00000282c3330000, 0x00000282c3660000]
 total_blobs=1070 nmethods=686 adapters=297
 compilation: enabled
              stopped_count=0, restarted_count=0
 full_count=0

Compilation events (20 events):
Event: 0.457 Thread 0x00000282deeba810 nmethod 658 0x00000282c3768190 code [0x00000282c3768340, 0x00000282c3768468]
Event: 0.458 Thread 0x00000282deeba810  659       3       java.util.zip.ZipFile$ZipFileInflaterInputStream::<init> (14 bytes)
Event: 0.459 Thread 0x00000282deeba810 nmethod 659 0x00000282c3768510 code [0x00000282c37686c0, 0x00000282c3768858]
Event: 0.459 Thread 0x00000282deeba810  660   !   3       java.util.zip.ZipFile$CleanableResource::getInflater (47 bytes)
Event: 0.459 Thread 0x00000282deeba810 nmethod 660 0x00000282c3768990 code [0x00000282c3768b60, 0x00000282c3769038]
Event: 0.459 Thread 0x00000282deeba810  661       3       java.util.ArrayDeque::poll (5 bytes)
Event: 0.459 Thread 0x00000282deeba810 nmethod 661 0x00000282c3769210 code [0x00000282c37693c0, 0x00000282c3769508]
Event: 0.459 Thread 0x00000282deeba810  662       3       java.util.zip.ZipFile$ZipFileInflaterInputStream::<init> (41 bytes)
Event: 0.459 Thread 0x00000282deeba810 nmethod 662 0x00000282c3769590 code [0x00000282c3769760, 0x00000282c3769c18]
Event: 0.459 Thread 0x00000282deeba810  663       3       java.util.zip.InflaterInputStream::<init> (79 bytes)
Event: 0.459 Thread 0x00000282deeba810 nmethod 663 0x00000282c3769e10 code [0x00000282c376a000, 0x00000282c376a858]
Event: 0.459 Thread 0x00000282deeba810  664       3       java.net.URL::toString (5 bytes)
Event: 0.459 Thread 0x00000282deeba810 nmethod 664 0x00000282c376aa10 code [0x00000282c376abc0, 0x00000282c376ade8]
Event: 0.459 Thread 0x00000282deeba810  665       3       java.net.URL::toExternalForm (9 bytes)
Event: 0.460 Thread 0x00000282deeba810 nmethod 665 0x00000282c376af10 code [0x00000282c376b0c0, 0x00000282c376b288]
Event: 0.460 Thread 0x00000282deeba810  666       3       java.net.URLStreamHandler::toExternalForm (156 bytes)
Event: 0.460 Thread 0x00000282deeba810 nmethod 666 0x00000282c376b390 code [0x00000282c376b7a0, 0x00000282c376cf38]
Event: 0.460 Thread 0x00000282deeba810  670       3       sun.net.www.protocol.file.Handler::parseURL (18 bytes)
Event: 0.460 Thread 0x00000282deeba810 nmethod 670 0x00000282c376d690 code [0x00000282c376d840, 0x00000282c376d9d8]
Event: 0.460 Thread 0x00000282deeba810  671       3       java.net.URLStreamHandler::parseURL (1201 bytes)

GC Heap History (2 events):
Event: 0.248 GC heap before
{Heap before GC invocations=0 (full 0):
 garbage-first heap   total 262144K, used 20480K [0x0000000701a00000, 0x0000000800000000)
  region size 2048K, 11 young (22528K), 0 survivors (0K)
 Metaspace       used 4586K, capacity 4634K, committed 4864K, reserved 1056768K
  class space    used 383K, capacity 386K, committed 512K, reserved 1048576K
}
Event: 0.250 GC heap after
{Heap after GC invocations=1 (full 0):
 garbage-first heap   total 262144K, used 3054K [0x0000000701a00000, 0x0000000800000000)
  region size 2048K, 2 young (4096K), 2 survivors (4096K)
 Metaspace       used 4586K, capacity 4634K, committed 4864K, reserved 1056768K
  class space    used 383K, capacity 386K, committed 512K, reserved 1048576K
}

Deoptimization events (18 events):
Event: 0.158 Thread 0x00000282bf6b5fa0 Uncommon trap: trap_request=0xffffff45 fr.pc=0x00000282cab9159c relative=0x000000000000007c
Event: 0.158 Thread 0x00000282bf6b5fa0 Uncommon trap: reason=unstable_if action=reinterpret pc=0x00000282cab9159c method=java.lang.String.isLatin1()Z @ 10 c2
Event: 0.158 Thread 0x00000282bf6b5fa0 DEOPT PACKING pc=0x00000282cab9159c sp=0x000000c5705fed70
Event: 0.158 Thread 0x00000282bf6b5fa0 DEOPT UNPACKING pc=0x00000282c310e42f sp=0x000000c5705fecb0 mode 2
Event: 0.159 Thread 0x00000282bf6b5fa0 Uncommon trap: trap_request=0xffffff45 fr.pc=0x00000282cab94fac relative=0x000000000000020c
Event: 0.159 Thread 0x00000282bf6b5fa0 Uncommon trap: reason=unstable_if action=reinterpret pc=0x00000282cab94fac method=java.lang.String.hashCode()I @ 42 c2
Event: 0.159 Thread 0x00000282bf6b5fa0 DEOPT PACKING pc=0x00000282cab94fac sp=0x000000c5705fd650
Event: 0.159 Thread 0x00000282bf6b5fa0 DEOPT UNPACKING pc=0x00000282c310e42f sp=0x000000c5705fd5e8 mode 2
Event: 0.264 Thread 0x00000282bf6b5fa0 DEOPT PACKING pc=0x00000282c369c242 sp=0x000000c5705f8e50
Event: 0.264 Thread 0x00000282bf6b5fa0 DEOPT UNPACKING pc=0x00000282c310e23f sp=0x000000c5705f82e0 mode 0
Event: 0.264 Thread 0x00000282bf6b5fa0 DEOPT PACKING pc=0x00000282c369a0d0 sp=0x000000c5705f8d20
Event: 0.264 Thread 0x00000282bf6b5fa0 DEOPT UNPACKING pc=0x00000282c310e23f sp=0x000000c5705f81c0 mode 0
Event: 0.265 Thread 0x00000282bf6b5fa0 DEOPT PACKING pc=0x00000282c369c242 sp=0x000000c5705f8e50
Event: 0.265 Thread 0x00000282bf6b5fa0 DEOPT UNPACKING pc=0x00000282c310e23f sp=0x000000c5705f82e0 mode 0
Event: 0.265 Thread 0x00000282bf6b5fa0 DEOPT PACKING pc=0x00000282c369a0d0 sp=0x000000c5705f8d20
Event: 0.265 Thread 0x00000282bf6b5fa0 DEOPT UNPACKING pc=0x00000282c310e23f sp=0x000000c5705f81c0 mode 0
Event: 0.293 Thread 0x00000282bf6b5fa0 DEOPT PACKING pc=0x00000282c36c05a8 sp=0x000000c5705f87a0
Event: 0.293 Thread 0x00000282bf6b5fa0 DEOPT UNPACKING pc=0x00000282c310e23f sp=0x000000c5705f7d50 mode 0

Classes unloaded (0 events):
No events

Classes redefined (0 events):
No events

Internal exceptions (4 events):
Event: 0.324 Thread 0x00000282bf6b5fa0 Exception <a 'java/lang/NoSuchMethodError'{0x0000000710868918}: 'void java.lang.invoke.DirectMethodHandle$Holder.invokeSpecial(java.lang.Object, java.lang.Object, java.lang.Object)'> (0x0000000710868918) 
thrown [./open/src/hotspot/share/interpreter/linkResolver.cpp, line 782]
Event: 0.364 Thread 0x00000282bf6b5fa0 Exception <a 'java/lang/NoSuchMethodError'{0x0000000710938ae8}: 'java.lang.Object java.lang.invoke.DirectMethodHandle$Holder.invokeStatic(java.lang.Object, java.lang.Object, int)'> (0x0000000710938ae8) 
thrown [./open/src/hotspot/share/interpreter/linkResolver.cpp, line 782]
Event: 0.365 Thread 0x00000282bf6b5fa0 Exception <a 'java/lang/NoSuchMethodError'{0x0000000710944c98}: 'void java.lang.invoke.DelegatingMethodHandle$Holder.delegate(java.lang.Object, java.lang.Object, int, java.lang.Object)'> (0x0000000710944c98) 
thrown [./open/src/hotspot/share/interpreter/linkResolver.cpp, line 782]
Event: 0.365 Thread 0x00000282bf6b5fa0 Exception <a 'java/lang/NoSuchMethodError'{0x0000000710948fe0}: 'int java.lang.invoke.DirectMethodHandle$Holder.invokeSpecial(java.lang.Object, java.lang.Object, java.lang.Object)'> (0x0000000710948fe0) 
thrown [./open/src/hotspot/share/interpreter/linkResolver.cpp, line 782]

Events (20 events):
Event: 0.414 loading class java/util/Formatter$FormatString done
Event: 0.414 loading class java/util/Formatter$FixedString done
Event: 0.414 loading class java/util/Formatter$FormatSpecifier
Event: 0.415 loading class java/util/Formatter$FormatSpecifier done
Event: 0.415 loading class java/util/Formatter$Flags
Event: 0.415 loading class java/util/Formatter$Flags done
Event: 0.415 loading class java/util/Formatter$Conversion
Event: 0.415 loading class java/util/Formatter$Conversion done
Event: 0.415 loading class java/util/Formattable
Event: 0.415 loading class java/util/Formattable done
Event: 0.455 loading class java/lang/NumberFormatException
Event: 0.455 loading class java/lang/NumberFormatException done
Event: 0.455 Executing VM operation: HandshakeAllThreads
Event: 0.456 Executing VM operation: HandshakeAllThreads done
Event: 0.457 Executing VM operation: HandshakeAllThreads
Event: 0.457 Executing VM operation: HandshakeAllThreads done
Event: 0.465 loading class java/lang/UnsupportedOperationException
Event: 0.465 loading class java/lang/UnsupportedOperationException done
Event: 0.465 loading class java/lang/SecurityException
Event: 0.465 loading class java/lang/SecurityException done


Dynamic libraries:
0x00007ff6878c0000 - 0x00007ff6878cd000 	C:\eclipse\plugins\org.eclipse.justj.openjdk.hotspot.jre.full.win32.x86_64_15.0.2.v20210201-0955\jre\bin\javaw.exe
0x00007ffd88340000 - 0x00007ffd88549000 	C:\WINDOWS\SYSTEM32\ntdll.dll
0x00007ffd869b0000 - 0x00007ffd86a6d000 	C:\WINDOWS\System32\KERNEL32.DLL
0x00007ffd85800000 - 0x00007ffd85b74000 	C:\WINDOWS\System32\KERNELBASE.dll
0x00007ffd85cc0000 - 0x00007ffd85dd1000 	C:\WINDOWS\System32\ucrtbase.dll
0x00007ffd799d0000 - 0x00007ffd799e8000 	C:\eclipse\plugins\org.eclipse.justj.openjdk.hotspot.jre.full.win32.x86_64_15.0.2.v20210201-0955\jre\bin\jli.dll
0x00007ffd7a490000 - 0x00007ffd7a4a9000 	C:\eclipse\plugins\org.eclipse.justj.openjdk.hotspot.jre.full.win32.x86_64_15.0.2.v20210201-0955\jre\bin\VCRUNTIME140.dll
0x00007ffd86ae0000 - 0x00007ffd86c8c000 	C:\WINDOWS\System32\USER32.dll
0x00007ffd6ab00000 - 0x00007ffd6ada5000 	C:\WINDOWS\WinSxS\amd64_microsoft.windows.common-controls_6595b64144ccf1df_6.0.22000.120_none_9d947278b86cc467\COMCTL32.dll
0x00007ffd85c20000 - 0x00007ffd85c46000 	C:\WINDOWS\System32\win32u.dll
0x00007ffd88220000 - 0x00007ffd882c3000 	C:\WINDOWS\System32\msvcrt.dll
0x00007ffd87c60000 - 0x00007ffd87c89000 	C:\WINDOWS\System32\GDI32.dll
0x00007ffd85f50000 - 0x00007ffd86062000 	C:\WINDOWS\System32\gdi32full.dll
0x00007ffd85b80000 - 0x00007ffd85c1d000 	C:\WINDOWS\System32\msvcp_win.dll
0x00007ffd86d10000 - 0x00007ffd86d41000 	C:\WINDOWS\System32\IMM32.DLL
0x00007ffd80030000 - 0x00007ffd8003c000 	C:\eclipse\plugins\org.eclipse.justj.openjdk.hotspot.jre.full.win32.x86_64_15.0.2.v20210201-0955\jre\bin\vcruntime140_1.dll
0x00007ffd4c5e0000 - 0x00007ffd4c671000 	C:\eclipse\plugins\org.eclipse.justj.openjdk.hotspot.jre.full.win32.x86_64_15.0.2.v20210201-0955\jre\bin\msvcp140.dll
0x00007ffd31920000 - 0x00007ffd3247e000 	C:\eclipse\plugins\org.eclipse.justj.openjdk.hotspot.jre.full.win32.x86_64_15.0.2.v20210201-0955\jre\bin\server\jvm.dll
0x00007ffd86420000 - 0x00007ffd864ce000 	C:\WINDOWS\System32\ADVAPI32.dll
0x00007ffd87060000 - 0x00007ffd870fe000 	C:\WINDOWS\System32\sechost.dll
0x00007ffd86300000 - 0x00007ffd86420000 	C:\WINDOWS\System32\RPCRT4.dll
0x00007ffd862f0000 - 0x00007ffd862f8000 	C:\WINDOWS\System32\PSAPI.DLL
0x00007ffd7f400000 - 0x00007ffd7f433000 	C:\WINDOWS\SYSTEM32\WINMM.dll
0x00007ffd65810000 - 0x00007ffd65819000 	C:\WINDOWS\SYSTEM32\WSOCK32.dll
0x00007ffd7f320000 - 0x00007ffd7f32a000 	C:\WINDOWS\SYSTEM32\VERSION.dll
0x00007ffd86940000 - 0x00007ffd869af000 	C:\WINDOWS\System32\WS2_32.dll
0x00007ffd849f0000 - 0x00007ffd84a08000 	C:\WINDOWS\SYSTEM32\kernel.appcore.dll
0x00007ffd81e90000 - 0x00007ffd81e9a000 	C:\eclipse\plugins\org.eclipse.justj.openjdk.hotspot.jre.full.win32.x86_64_15.0.2.v20210201-0955\jre\bin\jimage.dll
0x00007ffd833a0000 - 0x00007ffd835c1000 	C:\WINDOWS\SYSTEM32\DBGHELP.DLL
0x00007ffd6c9c0000 - 0x00007ffd6c9f1000 	C:\WINDOWS\SYSTEM32\dbgcore.DLL
0x00007ffd86070000 - 0x00007ffd860ef000 	C:\WINDOWS\System32\bcryptPrimitives.dll
0x00007ffd7dfb0000 - 0x00007ffd7dfd5000 	C:\eclipse\plugins\org.eclipse.justj.openjdk.hotspot.jre.full.win32.x86_64_15.0.2.v20210201-0955\jre\bin\java.dll
0x00007ffd79860000 - 0x00007ffd79878000 	C:\eclipse\plugins\org.eclipse.justj.openjdk.hotspot.jre.full.win32.x86_64_15.0.2.v20210201-0955\jre\bin\zip.dll
0x00007ffd87200000 - 0x00007ffd879ae000 	C:\WINDOWS\System32\SHELL32.dll
0x00007ffd83980000 - 0x00007ffd841e8000 	C:\WINDOWS\SYSTEM32\windows.storage.dll
0x00007ffd864d0000 - 0x00007ffd86848000 	C:\WINDOWS\System32\combase.dll
0x00007ffd83810000 - 0x00007ffd83976000 	C:\WINDOWS\SYSTEM32\wintypes.dll
0x00007ffd879b0000 - 0x00007ffd87a9a000 	C:\WINDOWS\System32\SHCORE.dll
0x00007ffd86c90000 - 0x00007ffd86ced000 	C:\WINDOWS\System32\shlwapi.dll
0x00007ffd85730000 - 0x00007ffd85751000 	C:\WINDOWS\SYSTEM32\profapi.dll
0x00007ffd6e100000 - 0x00007ffd6e119000 	C:\eclipse\plugins\org.eclipse.justj.openjdk.hotspot.jre.full.win32.x86_64_15.0.2.v20210201-0955\jre\bin\net.dll
0x00007ffd7eb20000 - 0x00007ffd7ec2c000 	C:\WINDOWS\SYSTEM32\WINHTTP.dll
0x00007ffd84e20000 - 0x00007ffd84e87000 	C:\WINDOWS\system32\mswsock.dll
0x00007ffd6d0d0000 - 0x00007ffd6d0e2000 	C:\eclipse\plugins\org.eclipse.justj.openjdk.hotspot.jre.full.win32.x86_64_15.0.2.v20210201-0955\jre\bin\nio.dll

dbghelp: loaded successfully - version: 4.0.5 - missing functions: none
symbol engine: initialized successfully - sym options: 0x614 - pdb path: .;C:\eclipse\plugins\org.eclipse.justj.openjdk.hotspot.jre.full.win32.x86_64_15.0.2.v20210201-0955\jre\bin;C:\WINDOWS\SYSTEM32;C:\WINDOWS\WinSxS\amd64_microsoft.windows.common-controls_6595b64144ccf1df_6.0.22000.120_none_9d947278b86cc467;C:\eclipse\plugins\org.eclipse.justj.openjdk.hotspot.jre.full.win32.x86_64_15.0.2.v20210201-0955\jre\bin\server

VM Arguments:
jvm_args: -Dfile.encoding=Cp1252 -XX:+ShowCodeDetailsInExceptionMessages 
java_command: bp.aplicaciones.mantenimientos.DAO.dao_equipo
java_class_path (initial): C:\git\TEUNO\DCAPP\build\classes;C:\Tomcat\apache-tomcat-9.0.39\lib\annotations-api.jar;C:\Tomcat\apache-tomcat-9.0.39\lib\catalina-ant.jar;C:\Tomcat\apache-tomcat-9.0.39\lib\catalina-ha.jar;C:\Tomcat\apache-tomcat-9.0.39\lib\catalina-ssi.jar;C:\Tomcat\apache-tomcat-9.0.39\lib\catalina-storeconfig.jar;C:\Tomcat\apache-tomcat-9.0.39\lib\catalina-tribes.jar;C:\Tomcat\apache-tomcat-9.0.39\lib\catalina.jar;C:\Tomcat\apache-tomcat-9.0.39\lib\ecj-4.15.jar;C:\Tomcat\apache-tomcat-9.0.39\lib\el-api.jar;C:\Tomcat\apache-tomcat-9.0.39\lib\jasper-el.jar;C:\Tomcat\apache-tomcat-9.0.39\lib\jasper.jar;C:\Tomcat\apache-tomcat-9.0.39\lib\jaspic-api.jar;C:\Tomcat\apache-tomcat-9.0.39\lib\jsp-api.jar;C:\Tomcat\apache-tomcat-9.0.39\lib\servlet-api.jar;C:\Tomcat\apache-tomcat-9.0.39\lib\tomcat-api.jar;C:\Tomcat\apache-tomcat-9.0.39\lib\tomcat-coyote.jar;C:\Tomcat\apache-tomcat-9.0.39\lib\tomcat-dbcp.jar;C:\Tomcat\apache-tomcat-9.0.39\lib\tomcat-i18n-cs.jar;C:\Tomcat\apache-tomcat-9.0.39\lib\tomcat-i18n-de.jar;C:\Tomcat\apache-tomcat-9.0.39\lib\tomcat-i18n-es.jar;C:\Tomcat\apache-tomcat-9.0.39\lib\tomcat-i18n-fr.jar;C:\Tomcat\apache-tomcat-9.0.39\lib\tomcat-i18n-ja.jar;C:\Tomcat\apache-tomcat-9.0.39\lib\tomcat-i18n-ko.jar;C:\Tomcat\apache-tomcat-9.0.39\lib\tomcat-i18n-pt-BR.jar;C:\Tomcat\apache-tomcat-9.0.39\lib\tomcat-i18n-ru.jar;C:\Tomcat\apache-tomcat-9.0.39\lib\tomcat-i18n-zh-CN.jar;C:\Tomcat\apache-tomcat-9.0.39\lib\tomcat-jdbc.jar;C:\Tomcat\apache-tomcat-9.0.39\lib\tomcat-jni.jar;C:\Tomcat\apache-tomcat-9.0.39\lib\tomcat-util-scan.jar;C:\Tomcat\apache-tomcat-9.0.39\lib\tomcat-util.jar;C:\Tomcat\apache-tomcat-9.0.39\lib\tomcat-websocket.jar;C:\Tomcat\apache-tomcat-9.0.39\lib\websocket-api.jar;C:\git\TEUNO\DCAPP\WebContent\WEB-INF\lib\activation.jar;C:\git\TEUNO\DCAPP\WebContent\WEB-INF\lib\antlr-2.7.7.jar;C:\git\TEUNO\DCAPP\WebContent\WEB-INF\lib\apache-commons-lang.jar;C:\git\TEUNO\DCAPP\WebContent\WEB-INF\lib\args4j.jar;C:\git\TEUNO\DCAPP\WebContent\W
Launcher Type: SUN_STANDARD

[Global flags]
     intx CICompilerCount                          = 4                                         {product} {ergonomic}
     uint ConcGCThreads                            = 2                                         {product} {ergonomic}
     uint G1ConcRefinementThreads                  = 8                                         {product} {ergonomic}
   size_t G1HeapRegionSize                         = 2097152                                   {product} {ergonomic}
    uintx GCDrainStackTargetSize                   = 64                                        {product} {ergonomic}
   size_t InitialHeapSize                          = 268435456                                 {product} {ergonomic}
   size_t MarkStackSize                            = 4194304                                   {product} {ergonomic}
   size_t MaxHeapSize                              = 4267704320                                {product} {ergonomic}
   size_t MaxNewSize                               = 2560622592                                {product} {ergonomic}
   size_t MinHeapDeltaBytes                        = 2097152                                   {product} {ergonomic}
   size_t MinHeapSize                              = 8388608                                   {product} {ergonomic}
    uintx NonNMethodCodeHeapSize                   = 5839372                                {pd product} {ergonomic}
    uintx NonProfiledCodeHeapSize                  = 122909434                              {pd product} {ergonomic}
    uintx ProfiledCodeHeapSize                     = 122909434                              {pd product} {ergonomic}
    uintx ReservedCodeCacheSize                    = 251658240                              {pd product} {ergonomic}
     bool SegmentedCodeCache                       = true                                      {product} {ergonomic}
     bool ShowCodeDetailsInExceptionMessages       = true                                   {manageable} {command line}
   size_t SoftMaxHeapSize                          = 4267704320                             {manageable} {ergonomic}
     bool UseCompressedClassPointers               = true                                 {lp64_product} {ergonomic}
     bool UseCompressedOops                        = true                                 {lp64_product} {ergonomic}
     bool UseG1GC                                  = true                                      {product} {ergonomic}
     bool UseLargePagesIndividualAllocation        = false                                  {pd product} {ergonomic}

Logging:
Log output configuration:
 #0: stdout all=warning uptime,level,tags
 #1: stderr all=off uptime,level,tags

Environment Variables:
JAVA_HOME=C:\Program Files\Eclipse Adoptium\jdk-17.0.1.12-hotspot\
PATH=C:/eclipse//plugins/org.eclipse.justj.openjdk.hotspot.jre.full.win32.x86_64_15.0.2.v20210201-0955/jre/bin/server;C:/eclipse//plugins/org.eclipse.justj.openjdk.hotspot.jre.full.win32.x86_64_15.0.2.v20210201-0955/jre/bin;C:\Program Files\Eclipse Adoptium\jdk-17.0.1.12-hotspot\bin;C:\Windows\system32;C:\Windows;C:\Windows\System32\Wbem;C:\Windows\System32\WindowsPowerShell\v1.0\;C:\Windows\System32\OpenSSH\;C:\Program Files (x86)\NVIDIA Corporation\PhysX\Common;C:\Program Files\NVIDIA Corporation\NVIDIA NvDLISR;C:\WINDOWS\system32;C:\WINDOWS;C:\WINDOWS\System32\Wbem;C:\WINDOWS\System32\WindowsPowerShell\v1.0\;C:\WINDOWS\System32\OpenSSH\;C:\Program Files\dotnet\;C:\Program Files\PuTTY\;C:\ProgramData\chocolatey\bin;C:\Program Files\nodejs\;C:\Users\jose_\AppData\Local\Programs\Python\Python310;C:\Users\jose_\AppData\Local\Programs\Python\Python310\Scripts;C:\Users\jose_\AppData\Local\Microsoft\WindowsApps;C:\Program Files\JetBrains\IntelliJ IDEA Community Edition 2021.1.2\bin;;C:\Users\jose_\AppData\Roaming\npm;C:\Program Files\JetBrains\PyCharm Community Edition 2021.3.2\bin;;C:\Users\jose_\AppData\Local\Programs\Python\Python310;C:\Users\jose_\AppData\Local\Programs\Python\Python310\Scripts;C:\Users\jose_\AppData\Local\Programs\Microsoft VS Code\bin;C:\eclipse;
USERNAME=jose_
OS=Windows_NT
PROCESSOR_IDENTIFIER=Intel64 Family 6 Model 158 Stepping 10, GenuineIntel



---------------  S Y S T E M  ---------------

OS:
 Windows 10 , 64 bit Build 22000 (10.0.22000.434)
OS uptime: 5 days 3:41 hours

CPU: total 8 (initial active 8) (4 cores per cpu, 2 threads per core) family 6 model 158 stepping 10 microcode 0xde, cmov, cx8, fxsr, mmx, sse, sse2, sse3, ssse3, sse4.1, sse4.2, popcnt, vzeroupper, avx, avx2, aes, clmul, erms, 3dnowpref, lzcnt, ht, tsc, tscinvbit, bmi1, bmi2, adx, fma, clflush, clflushopt

Memory: 4k page, system-wide physical 16273M (1241M free)
TotalPageFile size 31458M (AvailPageFile size 2M)
current process WorkingSet (physical memory assigned to process): 84M, peak: 84M
current process commit charge ("private bytes"): 363M, peak: 363M

vm_info: OpenJDK 64-Bit Server VM (15.0.2+7-27) for windows-amd64 JRE (15.0.2+7-27), built on Dec  7 2020 20:02:38 by "mach5one" with unknown MS VC++:1925

END.
